<?xml version="1.0" encoding="UTF-8"?>
<!-- Generated by org.testng.reporters.JUnitReportReporter -->
<testsuite hostname="LAPTOP-I5VP4OTB" failures="0" tests="1" name="com.parabank.TestLogin" time="0.646" errors="0" timestamp="2022-12-30T11:11:12 IST" skipped="0">
  <testcase classname="com.parabank.TestLogin" name="quitDriver" time="0.646"/>
  <system-out/>
</testsuite> <!-- com.parabank.TestLogin -->
