<?xml version="1.0" encoding="UTF-8"?>
<!-- Generated by org.testng.reporters.JUnitReportReporter -->
<testsuite hostname="LAPTOP-I5VP4OTB" failures="0" tests="39" name="com.parabank.DataProviders" time="52.202" errors="0" timestamp="2022-12-30T11:14:16 IST" skipped="0">
  <testcase classname="com.parabank.DataProviders" name="AccountOverview" time="1.344"/>
  <system-out/>
  <testcase classname="com.parabank.DataProviders" name="AccountOverview" time="1.394"/>
  <system-out/>
  <testcase classname="com.parabank.DataProviders" name="AccountOverview" time="1.386"/>
  <system-out/>
  <testcase classname="com.parabank.DataProviders" name="AccountOverview" time="1.342"/>
  <system-out/>
  <testcase classname="com.parabank.DataProviders" name="AccountOverview" time="1.314"/>
  <system-out/>
  <testcase classname="com.parabank.DataProviders" name="AccountOverview" time="1.365"/>
  <system-out/>
  <testcase classname="com.parabank.DataProviders" name="AccountOverview" time="1.320"/>
  <system-out/>
  <testcase classname="com.parabank.DataProviders" name="AccountOverview" time="1.297"/>
  <system-out/>
  <testcase classname="com.parabank.DataProviders" name="AccountOverview" time="1.302"/>
  <system-out/>
  <testcase classname="com.parabank.DataProviders" name="AccountOverview" time="1.368"/>
  <system-out/>
  <testcase classname="com.parabank.DataProviders" name="AccountOverview" time="1.316"/>
  <system-out/>
  <testcase classname="com.parabank.DataProviders" name="AccountOverview" time="1.296"/>
  <system-out/>
  <testcase classname="com.parabank.DataProviders" name="AccountOverview" time="1.370"/>
  <system-out/>
  <testcase classname="com.parabank.DataProviders" name="AccountOverview" time="1.363"/>
  <system-out/>
  <testcase classname="com.parabank.DataProviders" name="AccountOverview" time="1.338"/>
  <system-out/>
  <testcase classname="com.parabank.DataProviders" name="AccountOverview" time="1.324"/>
  <system-out/>
  <testcase classname="com.parabank.DataProviders" name="AccountOverview" time="1.294"/>
  <system-out/>
  <testcase classname="com.parabank.DataProviders" name="AccountOverview" time="1.343"/>
  <system-out/>
  <testcase classname="com.parabank.DataProviders" name="AccountOverview" time="1.382"/>
  <system-out/>
  <testcase classname="com.parabank.DataProviders" name="AccountOverview" time="1.316"/>
  <system-out/>
  <testcase classname="com.parabank.DataProviders" name="AccountOverview" time="1.331"/>
  <system-out/>
  <testcase classname="com.parabank.DataProviders" name="AccountOverview" time="1.374"/>
  <system-out/>
  <testcase classname="com.parabank.DataProviders" name="AccountOverview" time="1.374"/>
  <system-out/>
  <testcase classname="com.parabank.DataProviders" name="AccountOverview" time="1.310"/>
  <system-out/>
  <testcase classname="com.parabank.DataProviders" name="AccountOverview" time="1.305"/>
  <system-out/>
  <testcase classname="com.parabank.DataProviders" name="AccountOverview" time="1.382"/>
  <system-out/>
  <testcase classname="com.parabank.DataProviders" name="AccountOverview" time="1.337"/>
  <system-out/>
  <testcase classname="com.parabank.DataProviders" name="AccountOverview" time="1.464"/>
  <system-out/>
  <testcase classname="com.parabank.DataProviders" name="AccountOverview" time="1.283"/>
  <system-out/>
  <testcase classname="com.parabank.DataProviders" name="AccountOverview" time="1.364"/>
  <system-out/>
  <testcase classname="com.parabank.DataProviders" name="AccountOverview" time="1.283"/>
  <system-out/>
  <testcase classname="com.parabank.DataProviders" name="AccountOverview" time="1.366"/>
  <system-out/>
  <testcase classname="com.parabank.DataProviders" name="AccountOverview" time="1.315"/>
  <system-out/>
  <testcase classname="com.parabank.DataProviders" name="AccountOverview" time="1.332"/>
  <system-out/>
  <testcase classname="com.parabank.DataProviders" name="AccountOverview" time="1.311"/>
  <system-out/>
  <testcase classname="com.parabank.DataProviders" name="AccountOverview" time="1.302"/>
  <system-out/>
  <testcase classname="com.parabank.DataProviders" name="AccountOverview" time="1.323"/>
  <system-out/>
  <testcase classname="com.parabank.DataProviders" name="AccountOverview" time="1.368"/>
  <system-out/>
  <testcase classname="com.parabank.DataProviders" name="AccountOverview" time="1.304"/>
  <system-out/>
</testsuite> <!-- com.parabank.DataProviders -->
