<?xml version="1.0" encoding="UTF-8"?>
<!-- Generated by org.testng.reporters.JUnitReportReporter -->
<testsuite hostname="LAPTOP-I5VP4OTB" failures="0" tests="11" name="com.parabank.TestRegister1" time="20.822" errors="0" timestamp="2022-12-12T09:57:55 IST" skipped="0">
  <testcase classname="com.parabank.TestRegister1" name="Create" time="2.341"/>
  <system-out/>
  <testcase classname="com.parabank.TestRegister1" name="Create1" time="1.346"/>
  <system-out/>
  <testcase classname="com.parabank.TestRegister1" name="Create2" time="1.508"/>
  <system-out/>
  <testcase classname="com.parabank.TestRegister1" name="Create3" time="2.040"/>
  <system-out/>
  <testcase classname="com.parabank.TestRegister1" name="Create4" time="1.589"/>
  <system-out/>
  <testcase classname="com.parabank.TestRegister1" name="Create5" time="1.751"/>
  <system-out/>
  <testcase classname="com.parabank.TestRegister1" name="Create6" time="1.894"/>
  <system-out/>
  <testcase classname="com.parabank.TestRegister1" name="Create7" time="2.306"/>
  <system-out/>
  <testcase classname="com.parabank.TestRegister1" name="Create8" time="2.038"/>
  <system-out/>
  <testcase classname="com.parabank.TestRegister1" name="Create9" time="2.100"/>
  <system-out/>
  <testcase classname="com.parabank.TestRegister1" name="Create10" time="1.909"/>
  <system-out/>
</testsuite> <!-- com.parabank.TestRegister1 -->
